[    0.000000] Initializing cgroup subsys cpuset
[    0.000000] Initializing cgroup subsys cpu
[    0.000000] Initializing cgroup subsys cpuacct
[    0.000000] Linux version 4.4.0-104-generic (buildd@lgw01-amd64-022) (gcc version 5.4.0 20160609 (Ubuntu 5.4.0-6ubuntu1~16.04.5) ) #127-Ubuntu SMP Mon Dec 11 12:16:42 UTC 2017 (Ubuntu 4.4.0-104.127-generic 4.4.98)
[    0.000000] Command line: BOOT_IMAGE=/boot/vmlinuz-4.4.0-104-generic root=LABEL=cloudimg-rootfs ro console=tty1 console=ttyS0
[    0.000000] KERNEL supported cpus:
[    0.000000]   Intel GenuineIntel
[    0.000000]   AMD AuthenticAMD
[    0.000000]   Centaur CentaurHauls
[    0.000000] ------------[ cut here ]------------
[    0.000000] WARNING: CPU: 0 PID: 0 at /build/linux-SwhOyu/linux-4.4.0/arch/x86/kernel/fpu/xstate.c:517 fpu__init_system_xstate+0x38b/0x75a()
[    0.000000] XSAVE consistency problem, dumping leaves
[    0.000000] Modules linked in:
[    0.000000] CPU: 0 PID: 0 Comm: swapper Not tainted 4.4.0-104-generic #127-Ubuntu
[    0.000000]  0000000000000086 b63a2a3ec74178bd fffff81e03d80 ffffffff813fb523
[    0.000000]  ffffffff81e03dc8 ffffffff81caaa28 ffffffff81e03db8 ffffffff810812e2
[    0.000000] fffffff81e03e48 ffffff1e03e4c 000000000000008 0000000000000100
   0000000] Call Tace:
[   .00000  <ffffffff813fb523>] dump_stack+0x63/0x90
[    0.000000]  [<ffffffff810812e2>] warn_slowpath_common+0x82/0xc0
[    0.000000]  [<ffffffff8108137c>] warn_slowpath_fmt+0x5c/0x80
[    0.000000]  [<ffffffff8107cff0>] ? xfeature_size+0x59/0x77
[    00000]  [<ffffffff1f60b>] fpu_int_stm_xstate+0x38b/0x75
[    0.00000]  [<ffffffff81d10>] ? early_idt_handler_array+0x120/0x120
[    0.000000]  [<ffffffff81f6cb76>] fpu__init_system+0x10d/0x245
[    0.000000]  [<ffffffff81f6dc7f>] early_cpu_init+0x139/0x13e
[    0.000000]  [<ffffffff81f6dc7f>] ? early_cpu_init+0x139/0x13e
[    0.000000]  [<ffffffff81f69181>] setup_arch+0xb4/0xcf6
[    0.000000]  [<ffffffff81f5d120>] ? early_idt_handler_array+0x120/0x120
[    0.000000]  [<ffffffff81f5dc74>] start_kerne0xe4x4a2
[    0.000000]  [<ffffffff81f5d120>] ? early_idt_handler_array+0x120/0x120
[    0.000000]  [<fffffff81fd3>] x6_4_strtreseatons+0x2a/0x2c
[   0.0000] [<ffffff1f5d485>] x86_64_start_kernel+0x14a/0x16d
[    0.000000] ---[ end trace 4d5ff9f2f68c4233 ]---
[    0.000000] CPUID[0d, 00]: ea0000007 ebx=0000440 ecx=0000040edx=000000
   00000] CPUI[0, 01]: eax=00000000 ebx=000003c0 ecx=00000000 edx=0000000
[    0.000000] CPUID[0d, 02]: eax=00000100 ebx=00000240 ecx=00000000 edx=00000000
[    0.000000] CPUID[0d, 03]: eax=00000000 ebx=00000000 ecx00000000 edx=000000
   0.000000] CPUID[0d, 04]: eax=00000000 ebx=00000000 ecx=00000000 edx=00000000
[    0.000000] CPUID[0d, 05]: eax=00000000 ebx=00000000 ecx=00000000 edx=00000000
[    0.000000] CPUID[0d, 06]: eax=00000000 ebx=00000000 ecx=00000000 edx=00000000
[    0.000000] CPUID[0d, 07]: eax=00000000 ebx=00000000 ecx=00000000 edx=00000000
[    0.000000] CPUID[0d, 08]: eax=00000000 ebx=00000000 ecx=00000000 edx=00000000
[    0.000000] CPUID[0d, 09]: eax=00000000 ebx=00000000 ecx=00000000 edx=00000000
[    0.000000] CPUID[0d, 0a]: eax=00000000 ebx=00000000 ecx=00000000 edx=00000000
[    0.000000] CPUID[0d, 0b]: eax=00000000 ebx=00000000 ecx=00000000 edx=00000000
[    0.000000] CPUID[0d, 0c]: eax=00000000 ebx=00000000 ecx=00000000 edx=00000000
[    0.000000] CPUID[0d, 0d]: eax=00000000 ebx=00000000 ecx=00000000 edx=00000000
[    0.000000] CPUID[0d, 0e]: eax=00000000 ebx=00000000 ecx=00000000 edx=00000000
[    0.000000] CPUID[0d, 0f]: eax=00000000 ebx=00000000 ecx=00000000 edx=00000000
[    0.000000] CPUID[0d, 10]: eax=00000000 ebx=00000000 ecx=00000000 edx=00000000
[    0.000000] CPUID[0, ]: eax=00000000 ebx=00000000 ecx=00000000 edx=00000000
[    0.000000] x86/fp xtate_offset[2]:  576, xstate_sizes[2]:  256
[    0.000000] x86/fpu: Supporting XSAVE feature 0x01: 'x87 floating point registers'
[    0.000000] x86/fpu: Supporting XSAVE featre0x02: 'SSE registers'
[    0.000000] x86/fpu: Supporting XSAVE feature 0x04: 'AVX registers'
[    0.00000]x86/fpu: Enabled xstate featres 0x7, contet sie s 088 bytes, using 'standard' format.
[    0.000000] x86/fpu: Using 'lazy' FPU context switches.
[    0.000000] e820: BIOS-provided physical RAM map:
[    0.000000] BIOS-e820: [mem 0x0000000000000000-0x000000000009fbff] usable
[    0.000000] BIOS-e820: [mem 0x000000000009fc00-0x000000000009ffff] reserved
[    0.000000] BIOS-e820: [mem 0x00000000000f0000-0x00000000000fffff] reserved
[    0.000000] BIOS-e820: [mem 0x0000000000100000-0x000000003ffeffff] usable
[    0.000000] BIOS-e820: [mem 0x000000003fff0000-0x000000003fffffff] ACPI data
[    0.000000] BIOS-e820: [mem 0x00000000fffc0000-0x00000000ffffffff] reserved
[    0.000000] NX (Execute Disable) protection: active
[    0.000000] SMBIOS 2.5 present.
[    0.000000] Hypervisor detected: KVM
[    0.000000] e820: last_pfn = 0x3fff0 max_arch_pfn = 0x400000000
[    0.000000] MTRR: Disabled
[    0.000000] x86/PAT: MTRRs disabled, skipping PAT initialization too.
[    0.000000] CPU MTRRs all blank - virtualized system.
[    0.000000] x86/PAT: Configuration [0-7]: WB  WT  UC- UC  WB  WT  UC- UC  
[    0.000000] found SMP MP-table at [mem 0x0009fff0-0x0009ffff] mapped at [ffff88000009fff0]
[    0.000000] Scanning 1 areas for low memory corruption
[    0.000000] RAMDISK: [mem 0x36ada000-0x37564fff]
[    0.000000] ACPI: Early table checksum verification disabled
[    0.000000] ACPI: RSDP 0x00000000000E0000 000024 (v02 VBOX  )
[    0.000000] ACPI: XSDT 0x000000003FFF0030 00003C (v01 VBOX   VBOXXSDT 00000001 ASL  00000061)
[    0.000000] ACPI: FACP 0x000000003FFF00F0 0000F4 (v04 VBOX   VBOXFACP 00000001 ASL  00000061)
[    0.00000]ACPI: DSDT 0x000000003FFF0470 002118 (v01 VBOX   VBOXBIOS 00000002 INTL 20160108)
[    0.000000] ACPI: FACS 0x000000003FFF0200 000040
[    0.000000] ACPI: FACS 0x000000003FFF0200 000040
[    0.000000] ACPI: APIC 0x000000003FFF0240 00005C (v02 VBOX   VBOXAPIC 00000001 ASL  00000061)
[    0.000000] ACPI: SSDT 0x000000003FFF02A0 0001CC (v01 VBOX   VBOXCPUT 00000002 INTL 20160108)
[    0.000000] No NUMA configuration found
[    0.000000] Faking a node at [mem 0x0000000000000000-0x0000003ffeffff]
[    0.00000NODE_DATA(0) allocated [mem 0x3ffeb000-0x3ffeffff]
[    0.000000] kvm-clock: Usin msrs 4b564d01 and 4b564d0
[    0.00000] vmlock: pu, msr 0:3ff301, prirycpu clock
[    0.000000] kvm-clock: using sched offst of437040cycles
[    0.000000] cocksource:kv-clock: mask: 0xffffffffffffffff max_cycles: 0x1cd42e4dffb, max_idle_ns: 881590591483 ns
[    0.000000] Zone ranges:
[    0.000000]   DMA      [mem 0x0000000000001000-0x0000000000ffffff]
[    0.000000]   DMA32    [mem 0x0000000001000000-0x00000000ffeffff]
[    0.000000]   Normal   empty
[    0.000]   Device   empty
[    0.000000] Movable zone start for each node
[    0.000000] Early memory od ranges
[    0.000000]   node   0: [mem 0x00000000001000-0x000000000009eff]
[    0.000000]   node   0: [mem 0x0000000000100000-0x000000003ffeffff]
[    0.000000] Initmem setup node 0 [mem 0x0000000000001000-0x000000003ffeffff]
[    0.000000] ACPI: PM-Timer IO Port: 0x4008
[    0.000000] IOAPIC[0]: apic_id 2, version 17, address 0xfec00000, GSI 0-23
[    0.000000] ACPI: IT_C_OV(bs 0 bu_iq 0 global_irq 2 dfl dfl)
[    0.000000] ACPI: INT_SRC_OVR (bus 0 bus_irq 9 global_irq 9 high level)
[    0.000000] Using ACPI (MADT) for SMP configuration information
[    0.000000] smpboot: Allowing 2 CPUs, 0 hotplug CPUs
[    0.000000] PM: Registered nosave memory: [mem 0x00000000-0x00000fff]
[    0.000000] PM: Registered nosave memory: [mem 0x0009f000-0x0009ffff]
[    0.000000] PM: Registered nosave memory: [mem 0x000a0000-0x000effff]
[    0.000000] PM: Registered nosave memory: [mem 0x000f0000-0x000fffff]
[    0.000000] e820: [mem 0x40000000-0xfffbffff] available for PCI devices
[    0.000000] Booting paravirtualized kernel on KVM
[    0.000000] clocksource: refined-jiffies: mask: 0xffffffff max_cycles: 0xffffffff, max_idle_ns: 7645519600211568 ns
[    0.000000] setup_percpu: NR_CPUS:512 nr_cpumask_bits:512 nr_cpu_ids:2 nr_node_ids:1
[    0.000000] PERCPU: Embedded 33 pages/cpu @ffff88003fc00000 s98200 r8192 d28776 u1048576
[    0.000000] PV qspinlock hash table entries: 256 (order: 0, 4096 bytes)
[    0.000000] Built 1 zonelists in Node order, mobility grouping on.  Total pages: 257913
[    0.000000] Policy zone: DMA32
[    0.000000] Kernel command line: BOOT_IMAGE=/boot/vmlinuz-4.4.0-104-generic root=LABEL=cloudimg-rootfs ro console=tty1 console=ttyS0
[    0.000000] PID hash table entries: 4096 (order: 3, 32768 bytes)
[    0.000000] Memory: 1001776K/1048120K available (8485K kernel code, 1295K rwdata, 3988K rodata,142Kinit, 1316K bss, 46344K reserved, 0K cma-reserved)
[    0.000000] SLUB: HWalign=64, Order=0-3, MinObjects=0, CPUs=2, Nodes=1
[    0.000000] Hierarchical RCU implementation.
[    0.000000] 	Build-time adjustment of leaf fanout to 64.
[    0.000000] 	RCU restricting CPUs from NR_CPUS=512 to nr_cpu_ids=2.
[    0.000000] RCU: Adjusting geometry for rcu_fanout_leaf=64, nr_cpu_ids=2
[    0.000000] NR_IRQS:33024 nr_irqs:440 16
[    0.000000] Console: colour VGA+ 80x25
[    0.000000] console [tty1] enabled
[    0.000000] console [ttyS0] enabled
[    0.000000] tsc: Detected 2399.966 MHz processor
[    6.101437] Calibrating delay loop (skipped) preset value.. 4799.93 BogoMIPS (lpj=9599864)
[    6.113801] pid_max: default: 32768 minimum: 301
[    6.131056] ACPI: Core revision 20150930
[    6.154268] ACPI: 2 ACPI AML tables successfully acquired and loaded
[    6.226118] Security Framework initialized
[    6.261198] Yama: becoming mindful.
[    6.261874] AppArmor: AppArmor initialized
[    6.262669] Dentry cache hash table entries: 131072 (order: 8, 1048576 bytes)
[    6.263878] Inode-cache hash table entries: 65536 (order: 7, 524288 bytes)
[    6.266540] Mount-cache hash table entries: 2048 (order: 2, 16384 bytes)
[    6.389839] Mountpoint-cache hash table entries: 2048 (order: 2, 16384 bytes)
[    6.394349] Initializing cgroup subsys io
[    6.395180] Initializing cgroup subsys memory
[    6.396067] Initializing cgroup subsys devices
[    6.396976] Initializing cgroup subsys freezer
[    6.412949] Initializing cgroup subsys net_cls
[    6.413810] Initializing cgroup subsys perf_event
[    6.414716] Initializing cgroup subsys net_prio
[    6.415618] Initializing cgroup subsys hugetlb
[    6.416499] Initializing cgroup subsys pids
[    6.417369] CPU: Physical Processor ID: 0
[    6.418187] CPU: Processor Core ID: 0
[    6.421243] mce: CPU supports 0 MCE banks
[    6.486963] Last level iTLB entries: 4KB 64, 2MB 8, 4MB 8
[    6.577030] Last level dTLB entries: 4KB 64, 2MB 0, 4MB 0, 1GB 4
[    6.632645] Freeing SMP alternatives memory: 32K
[    6.651075] ftrace: allocating 32158 entries in 126 pages
[    6.751251] smpboot: APIC(0) Converting physical 0 to logical package 0
[    6.777421] smpboot: Max logical packages: 1
[    6.792251] ..TIMER: vector=0x30 apic1=0 pin1=2 apic2=-1 pin2=-1
[    6.904958] smpboot: CPU0: Intel(R) Core(TM) i5-6200U CPU @ 2.30GHz (family: 0x6, model: 0x4e, stepping: 0x3)
[    6.977742] Performance Events: unsupported p6 CPU model 78 no PMU driver, software events only.
[    7.064211] KVM setup paravirtual spinlock
[    7.065657] x86: Booting SMP configuration:
[    7.093828] .... node  #0, CPUs:      #1
[    7.094622] kvm-clock: cpu 1, msr 0:3ffe3041, secondary cpu clock
[    7.099035] mce: CPU supports 0 MCE banks
[    7.119429] x86: Booted up 1 node, 2 CPUs
[    7.120495] smpboot: Total of 2 processors activated (9599.86 BogoMIPS)
[    7.149439] devtmpfs: initialized
[    7.173441] evm: security.selinux
[    7.219665] evm: security.SMACK64
[    7.273239] evm: security.SMACK64EXEC
[    7.305968] evm: security.SMACK64TRANSMUTE
[    7.327364] evm: security.SMACK64MMAP
[    7.349237] evm: security.ima
[    7.377869] evm: security.capability
[    7.382125] clocksource: jiffies: mask: 0xffffffff max_cycles: 0xffffffff, max_idle_ns: 7645041785100000 ns
[    7.412315] futex hash table entries: 512 (order: 3, 32768 bytes)
[    7.413455] pinctrl core: initialized pinctrl subsystem
[    7.489990] RTC time: 19:17:31, date: 01/06/18
[    7.526928] NET: Registered protocol family 16
[    7.600908] cpuidle: using governor ladder
[    7.665866] cpuidle: using governor menu
[    7.716857] PCCT header not found.
[    7.717711] ACPI: bus type PCI registered
[    7.745178] acpiphp: ACPI Hot Plug PCI Controller Driver version: 0.5
[    7.769001] PCI: Using configuration type 1 for base access
[    7.794336] ACPI: Added _OSI(Module Device)
[    7.810625] ACPI: Added _OSI(Processor Device)
[    7.811503] ACPI: Added _OSI(3.0 _SCP Extensions)
[    7.813714] ACPI: Added _OSI(Processor Aggregator Device)
[    7.843589] ACPI: Executed 1 blocks of module-level executable AML code
[    7.876733] ACPI: Interpreter enabled
[    7.885240] ACPI: (supports S0 S5)
[    7.916312] ACPI: Using IOAPIC for interrupt routing
[    7.928380] PCI: Using host bridge windows from ACPI; if necessary, use "pci=nocrs" and report a bug
[    7.936056] ACPI: PCI Root Bridge [PCI0] (domain 0000 [bus 00-ff])
[    8.005256] acpi PNP0A03:00: _OSC: OS supports [ASPM ClockPM Segments MSI]
[    8.037801] acpi PNP0A03:00: _OSC failed (AE_NOT_FOUND); disabling ASPM
[    8.090117] acpi PNP0A03:00: fail to add MMCONFIG information, can't access extended PCI configuration space under this bridge.
[    8.142476] PCI host bridge to bus 0000:00
[    8.162841] pci_bus 0000:00: root bus resource [io  0x0000-0x0cf7 window]
[    8.164036] pci_bus 0000:00: root bus resource [io  0x0d00-0xffff window]
[    8.165280] pci_bus 0000:00: root bus resource [mem 0x000a0000-0x000bffff window]
[    8.166722] pci_bus 0000:00: root bus resource [mem 0x40000000-0xffdfffff window]
[    8.168269] pci_bus 0000:00: root bus resource [bus 00-ff]
[    8.202189] pci 0000:00:01.1: legacy IDE quirk: reg 0x10: [io  0x01f0-0x01f7]
[    8.235552] pci 0000:00:01.1: legacy IDE quirk: reg 0x14: [io  0x03f6]
[    8.245837] pci 0000:00:01.1: legacy IDE quirk: reg 0x18: [io  0x0170-0x0177]
[    8.263297] pci 0000:00:01.1: legacy IDE quirk: reg 0x1c: [io  0x0376]
[    8.372031] ACPI: PCI Interrupt Link [LNKA] (IRQs 5 9 10 11) *0, disabled.
[    8.409280] ACPI: PCI Interrupt Link [LNKB] (IRQs 5 9 10 *11)
[    8.457933] ACPI: PCI Interrupt Link [LNKC] (IRQs 5 9 *10 11)
[    8.499972] ACPI: PCI Interrupt Link [LNKD] (IRQs 5 *9 10 11)
[    8.533123] ACPI: Enabled 2 GPEs in block 00 to 07
[    8.599014] vgaarb: setting as boot device: PCI:0000:00:02.0
[    8.614053] vgaarb: device added: PCI:0000:00:02.0,decodes=io+mem,owns=io+mem,locks=none
[    8.615758] vgaarb: loaded
[    8.625622] vgaarb: bridge control possible 0000:00:02.0
[    8.630411] SCSI subsystem initialized
[    8.632090] ACPI: bus type USB registered
[    8.633318] usbcore: registered new interface driver usbfs
[    8.634320] usbcore: registered new interface driver hub
[    8.635407] usbcore: registered new device driver usb
[    8.662662] PCI: Using ACPI for IRQ routing
[    8.691263] NetLabel: Initializing
[    8.709396] NetLabel:  domain hash size = 128
[    8.715416] NetLabel:  protocols = UNLABELED CIPSOv4
[    8.716241] NetLabel:  unlabeled traffic allowed by default
[    8.717285] amd_nb: Cannot enumerate AMD northbridges
[    8.718139] clocksource: Switched to clocksource kvm-clock
[    8.729178] AppArmor: AppArmor Filesystem Enabled
[   7890pn P AI it[   2335pn PnP ACPI: found 3 devices
[    9.496657] clocksource: acpi_pm: mask: 0xffffff max_cycles: 0xffffff, max_idle_ns: 2085701024 ns
[    9.501361] NET: Registered protocol family 2
[    9.516439] TCP established hash table entries: 8192 (order: 4, 65536 bytes)
[    9.517762] TCP bind hash table entries: 8192 (order: 5, 131072 bytes)
[    9.518944] TCP: Hash tables configured (established 8192 bind 8192)
[    9.676496] UDP hash table entries: 512 (order: 2, 16384 bytes)
[    9.696333] UDP-Lite hash table entries: 512 (order: 2, 16384 bytes)
[    9.697400] NET: Registered protocol family 1
[    9.698185] pci 0000:00:00.0: Limiting direct PCI/PCI transfers
[    9.746725] pci 0000:00:01.0: Activating ISA DMA hang workarounds
[    9.761038] Unpacking initramfs...
[   11.937650] Freeing initrd memory: 10796K
[   11.963056] platform rtc_cmos: registered platform RTC device (no PNP device found)
[   11.977825] Scanning for low memory corruption every 60 seconds
[   11.979246] audit: initializing netlink subsys (disabled)
[   12.029541] audit: type=2000 audit(1515266253.315:1): initialized
[   12.084737] Initialise system trusted keyring
[   12.130833] HugeTLB registered 2 MB page size, pre-allocated 0 pages
[   12.164892] zbud: loaded
[   12.165799] VFS: Disk quotas dquot_6.6.0
[   12.166557] VFS: Dquot-cache hash table entries: 512 (order 0, 4096 bytes)
[   12.167846] squashfs: version 4.0 (2009/01/31) Phillip Lougher
[   12.175624] fuse init (API version 7.23)
[   12.192174] Key type big_key registered
[   12.247132] Allocating IMAOK and blacist keyrings.
[   12.398800] Key type asymmetric registered
[   12.471059] Asymmetric key parser 'x509' registered
[   12.543767] Block layer SCSI generic (bsg) driver version 0.4 loaded (major 249)
[   12.545175] io scheduler noop registered
[   12.558669] io scheduler deadline registered (default)
[   12.662712] io scheduler cfq registered
[   12.727071] pci_hotplug: PCI Hot Plug PCI Core version: 0.5
[   12.733441] pciehp: PCI Express Hot Plug Controller Driver version: 0.4
[   12.736177] ACPI: AC Adapter [AC] (off-line)
[   12.764328] input: Power Button as /devices/LNXSYSTM:00/LNXPWRBN:00/input/input0
[   12.4666] ACPI: Power Button [PWRF]
[   12.849899] input: Sleep Button as /devices/LNXSYSTM:00/LNXSLPBN:00/input/input1
[   12.851345] ACPI: Sleep Button [LP]

[   12.9086]ACI:BaerSlot [BAT0] (battery present)
[   13.192001] tsc: Refined TSC loksrccabrion: 2399.567 MHz
[   13.192067] GHES: HEST is not enabled!
[   13.192171] Serial: 8250/16550 driver, 32 ports, IRQ sharing enabled
[   13.628732] 00:02: ttyS0 at I/O 0x3f8 (irq = 4, base_baud = 115200) is a 16550A
[   13.807226] Linux agpgart interface v0.103
[   14.098374] loop: module loaded
[   14.099033] scsi host0: ata_piix
[   14.099102] scsi host1: ata_piix
[   14.099141] ata1: PATA max UDMA/33 cmd 0x1f0 ctl 0x3f6 bmdma 0xd000 irq 14
[   14.099142] ata2: PATA max UDMA/33 cmd 0x170 ctl 0x376 bmdma 0xd008 irq 15
[   14.099229] libphy: Fixed MDIO Bus: probed
[   14.099232] tun: Universal TUN/TAP device driver, 1.6
[   14.099232] tun: (C) 1999-2004 Max Krasnyansky <maxk@qualcomm.com>
[   14.099898] PPP generic driver version 2.4.2
[   14.099971] ehci_hcd: USB 2.0 'Enhanced' Host Controller (EHCI) Driver
[   14.099979] ehci-pci: EHCI PCI platform driver
[   14.099997] ehci-platform: EHCI generic platform driver
[   14.100008] ohci_hcd: USB 1.1 'Open' Host Controller (OHCI) Driver
[   14.100012] ohci-pci: OHCI PCI platform driver
[   14.100023] ohci-platform: OHCI generic platform driver
[   14.100032] uhci_hcd: USB Universal Host Controller Interface driver
[   14.100100] i8042: PNP: PS/2 Controller [PNP0303:PS2K,PNP0f03:PS2M] at 0x60,0x64 irq 1,12
[   14.107722] serio: i8042 KBD port at 0x60,0x64 irq 1
[   14.107729] serio: i8042 AUX port at 0x60,0x64 irq 12
[   14.109491] mousedev: PS/2 mouse device common for all mice
[   14.111131] rtc_cmos rtc_cmos: rtc core: registered rtc_cmos as rtc0
[   14.111208] rtc_cmos rtc_cmos: alarms up to one day, 114 bytes nvram
[   14.111218] i2c /dev entries driver
[   14.111287] device-mapper: uevent: version 1.0.3
[   14.111358] device-mapper: ioctl: 4.34.0-ioctl (2015-10-28) initialised: dm-devel@redhat.com
[   14.111376] ledtrig-cpu: registered to indicate activity on CPUs
[   14.111781] NET: Registered protocol family 10
[   14.112456] NET: Registered protocol family 17
[   14.112479] Key type dns_resolver registered
[   14.118406] microcode: CPU0 sig=0x406e3, pf=0x40, revision=0x0
[   14.118425] microcode: CPU1 sig=0x406e3, pf=0x40, revision=0x0
[   14.118594] microcode: Microcode Update Driver: v2.01 <tigran@aivazian.fsnet.co.uk>, Peter Oruba
[   14.118739] registered taskstats version 1
[   14.118759] Loading compiled-in X.509 certificates
[   14.121200] Loaded X.509 cert 'Build time autogenerated kernel key: 8537ad706776f532219d7336343c968b9f82f7c7'
[   14.121291] zswap: loaded using pool lzo/zbud
[   14.125487] Key type trusted registered
[   14.133663] Key type encrypted registered
[   14.133671] AppArmor: AppArmor sha1 policy hashing enabled
[   14.133675] ima: No TPM chip found, activating TPM-bypass!
[   14.133704] evm: HMAC attrs: 0x1
[   14.134086]   Magic number: 2:155:293
[   14.134108] tty tty26: hash matches
[   14.136196] rtc_cmos rtc_cmos: setting system clock to 2018-01-06 19:17:38 UTC (1515266258)
[   14.136378] BIOS EDD facility v0.16 2004-Jun-25, 0 devices found
[   14.136378] EDD information not available.
[   14.195644] input: AT Translated Set 2 keyboard as /devices/platform/i8042/serio0/input/input2
[   15.291677] clocksource: tsc: mask: 0xffffffffffffffff max_cycles: 0x22969e7bf8f, max_idle_ns: 440795263390 ns
[   15.409295] Freeing unused kernel memory: 1492K
[   15.456852] Write protecting the kernel read-only data: 14336k
[   15.536973] Freeing unused kernel memory: 1744K
[   15.557219] Freeing unused kernel memory: 108K
Loading, please wait...
[   15.636597] random: systemd-udevd: uninitialized urandom read (16 bytes read, 5 bits of entropy available)
starting version 229
[   15.638672] random: udevadm: uninitialized urandom read (16 bytes read, 5 bits of entropy available)
[   15.638701] random: udevadm: uninitialized urandom read (16 bytes read, 5 bits of entropy available)
[   15.647707] random: udevadm: uninitialized urandom read (16 bytes read, 5 bits of entropy available)
[   15.647742] random: udevadm: uninitialized urandom read (16 bytes read, 5 bits of entropy available)
[   15.647843] random: udevadm: uninitialized urandom read (16 bytes read, 5 bits of entropy available)
[   15.647881] random: udevadm: uninitialized urandom read (16 bytes read, 5 bits of entropy available)
[   15.647916] random: udevadm: uninitialized urandom read (16 bytes read, 5 bits of entropy available)
[   15.647952] random: udevadm: uninitialized urandom read (16 bytes read, 5 bits of entropy available)
[   15.647988] random: udevadm: uninitialized urandom read (16 bytes read, 5 bits of entropy available)
[   16.108346] e1000: Intel(R) PRO/1000 Network Driver - version 7.3.21-k8-NAPI
[   16.128167] e1000: Copyright (c) 1999-2006 Intel Corporation.
[   16.137312] Fusion MPT base driver 3.04.20
[   16.146319] Copyright (c) 1999-2008 LSI Corporation
[   16.151604] Fusion MPT SPI Host driver 3.04.20
[   16.197271] AVX version of gcm_enc/dec engaged.
[   16.203776] AES CTR mode by8 optimization enabled
[   16.372317] input: ImExPS/2 Generic Explorer Mouse as /devices/platform/i8042/serio1/input/input4
[   16.534155] e1000 0000:00:03.0 eth0: (PCI:33MHz:32-bit) 02:06:a9:f4:72:f7
[   16.556972] e1000 0000:00:03.0 eth0: Intel(R) PRO/1000 Network Connection
[   17.123592] e1000 0000:00:08.0 eth1: (PCI:33MHz:32-bit) 08:00:27:6c:48:32
[   17.146585] e1000 0000:00:08.0 eth1: Intel(R) PRO/1000 Network Connection
[   17.148413] mptbase: ioc0: Initiating bringup
[   17.149823] e1000 0000:00:03.0 enp0s3: renamed from eth0
[   17.178501] e1000 0000:00:08.0 enp0s8: renamed from eth1
[   17.210475] ioc0: LSI53C1030 A0: Capabilities={Initiator}
[   17.428472] scsi host2: ioc0: LSI53C1030 A0, FwRev=00000000h, Ports=1, MaxQ=256, IRQ=20
[   17.667309] scsi 2:0:0:0: Direct-Access     VBOX     HARDDISK         1.0  PQ: 0 ANSI: 5
[   17.727958] scsi target2:0:0: Beginning Domain Validation
[   17.730837] scsi target2:0:0: Domain Validation skipping write tests
[   17.826295] scsi target2:0:0: Ending Domain Validation
[   17.827230] scsi target2:0:0: asynchronous
[   17.857781] scsi 2:0:1:0: Direct-Access     VBOX     HARDDISK         1.0  PQ: 0 ANSI: 5
[   17.876909] scsi target2:0:1: Beginning Domain Validation
[   17.911382] scsi target2:0:1: Domain Validation skipping write tests
[   17.912345] scsi target2:0:1: Ending Domain Validation
[   17.913269] scsi target2:0:1: asynchronous
[   17.954068] sd 2:0:0:0: [sda] 20971520 512-byte logical blocks: (10.7 GB/10.0 GiB)
[   18.256978] sd 2:0:0:0: Attached scsi generic sg0 type 0
[   18.265813] sd 2:0:0:0: [sda] Write Protect is off
[   18.265893] sd 2:0:0:0: [sda] Incomplete mode parameter data
[   18.265894] sd 2:0:0:0: [sda] Assuming drive cache: write through
[   18.289002]  sda: sda1
[   18.290045] sd 2:0:0:0: [sda] Attached SCSI disk
[   18.298834] sd 2:0:1:0: [sdb] 20480 512-byte logical blocks: (10.5 MB/10.0 MiB)
[   18.576382] sd 2:0:1:0: Attached scsi generic sg1 type 0
[   18.687808] sd 2:0:1:0: [sdb] Write Protect is off
[   18.946372] sd 2:0:1:0: [sdb] Incomplete mode parameter data
[   19.006387] sd 2:0:1:0: [sdb] Assuming drive cache: write through
[   19.175617] floppy0: no floppy controllers found
[   20.050741] sd 2:0:1:0: [sdb] Attached SCSI disk
Begin: Loading essential drivers ... [   21.731599] md: linear personality registered for level -1
[   21.745883] md: multipath personality registered for level -4
[   21.786941] md: raid0 personality registered for level 0
[   21.819766] md: raid1 personality registered for level 1
[   21.962187] raid6: sse2x1   gen()  5804 MB/s
[   22.042197] raid6: sse2x1   xor()  4017 MB/s
[   22.169225] raid6: sse2x2   gen()  8149 MB/s
[   22.266208] raid6: sse2x2   xor()  5598 MB/s
[   22.406319] raid6: sse2x4   gen()  9077 MB/s
[   22.530199] raid6: sse2x4   xor()  6084 MB/s
[   22.581447] raid6: using algorithm sse2x4 gen() 9077 MB/s
[   22.582328] raid6: .... xor() 6084 MB/s, rmw enabled
[   22.583123] raid6: using ssse3x2 recovery algorithm
[   22.586743] xor: automatically using best checksumming function:
[   22.735624]    avx       : 39906.000 MB/sec
[   22.834635] async_tx: api initialized (async)
[   22.855182] md: raid6 personality registered for level 6
[   22.865312] md: raid5 personality registered for level 5
[   22.950063] md: raid4 personality registered for level 4
[   22.967395] md: raid10 personality registered for level 10
done.
Begin: Running /scripts/init-premount ... done.
Begin: Mounting root file syst[   23.039764] Btrfs loaded
em ... Begin: Running /scripts/local-top ... done.
Begin: Running /scripts/local-premount ... Scanning for Btrfs filesystems
done.
Warning: fsck no[   23.116312] EXT4-fs (sda1): INFO: recovery required on readonly filesystem
t present, so skipping root file[   23.132799] EXT4-fs (sda1): write access will be enabled during recovery
 system
[   23.331443] EXT4-fs (sda1): recovery complete
[   23.576366] EXT4-fs (sda1): mounted filesystem with ordered data mode. Opts: (null)
done.
Begin: Running /scripts/local-bottom ... done.
Begin: Running /scripts/init-bottom ... done.
[   24.932754] random: nonblocking pool is initialized
[   25.460889] systemd[1]: systemd 229 running in system mode. (+PAM +AUDIT +SELINUX +IMA +APPARMOR +SMACK +SYSVINIT +UTMP +LIBCRYPTSETUP +GCRYPT +GNUTLS +ACL +XZ -LZ4 +SECCOMP +BLKID +ELFUTILS +KMOD -IDN)
[   25.578178] systemd[1]: Detected virtualization oracle.
[   25.631741] systemd[1]: Detected architecture x86-64.

Welcome to [1mUbuntu 16.04.3 LTS[0m!

[   25.714509] systemd[1]: Set osna t <control>.
[  23182sytemd[1: stinonounal Socket.

[[0;32m  OK  [0m] Listening on Journal Socket.
[ 2781520systemd[1]: Listening on LVM2 poll daemon socket.
[[0;32m  OK  [0m] Listening on LVM2 poll daemon socket.
[ 281585] systemd[1]: Listening on Syslog Socket.
[[0;32m  OK  [0m] Listening on Syslog Socket.
[   28.327797] systemd[1]: Listening on udev Control Socket.
[[0;32m  OK  [0m] Listening on udev Control Socket.
[   28.33556] ysem[1] Catedsle st Sce.
[[0;32m  OK  [0m] Created slice System Slice.
[   28.822981] systemd[1]: Starting Nameserver information manager...
         Starting Nameserver information manager...
[   28.874696] systemd[1]: Mounting Huge Pages File System...
         Mounting Huge Pages File System...
[   28.884274] systemd[1]: Starting Remount Root and Kernel File Systems...
         Starting Remount Root and Kernel File Systems...
[   28.956130] systemd[1]: Set up automount Arbitrary Executable File Formats File System Automount Point.
[[0;32m  OK  [0m] Set up automount Arbitrary Executab...ats File System Automount Point.
[   28.962119] EXT4-fs (sda1): re-mounted. Opts: (null)
[   28.993704] systemd[1]: Created slice User and Session Slice.
[[0;32m  OK  [0m] Created slice User and Session Slice.
[   29.030378] systemd[1]: Reached target Slices.
[[0;32m  OK  [0m] Reached target Slices.
[   29.032236] systemd[1]: Started Forward Password Requests to Wall Directory Watch.
[[0;32m  OK  [0m] Started Forward Password Requests to Wall Directory Watch.
[   29.050615] systemd[1]: Starting Uncomplicated firewall...
         Starting Uncomplicated firewall...
[   29.162386] systemd[1]: Mounting POSIX Message Queue File System...
         Mounting POSIX Message Queue File System...
[   29.291352] systemd[1]: Reached target User and Group Name Lookups.
[[0;32m  OK  [0m] Reached target User and Group Name Lookups.
[   29.357953] systemd[1]: Reached target Encrypted Volumes.
[[0;32m  OK  [0m] Reached target Encrypted Volumes.
[   29.598499] systemd[1]: Starting Create list of required static device nodes for the current kernel...
         Starting Create list of required st... nodes for the current kernel...
[   29.722606] systemd[1]: Listening on /dev/initctl Compatibility Named Pipe.
[[0;32m  OK  [0m] Listening on /dev/initctl Compatibility Named Pipe.
[   29.79796]ysmd1]: Listening on udev Kernel Socket.
[[0;32m  OK  [0m] Listening on udev Kernel Socket.
[   30.010439] systemd[1]: Starting Set console keymap...
         Starting Set console keymap...
[   30.074415] systemd[1]: Listening on Journal Audit Socket.
[[0;32m  OK  [0m] Listening on Journal Audit Socket.
[   30.093859] systemd[1]: Listening on LVM2 metadata daemon socket.
[[0;32m  OK  [0m] Listening on LVM2 metadata daemon socket.
[   30.164127] systemd[1]: Created slice system-serial\x2dgetty.slice.
[[0;32m  OK  [0m] Created slice system-serial\x2dgetty.slice.
[   30.286764] systemd[1]: Starting Load Kernel Modules...
         Starting Load Kernel Modules...
[   30.294704] systemd[1]: Reached target Swap.
[[0;32m  OK  [0m] Reached target Swap.
[   30.302583] systemd[1]: Listening on Device-mapper event daemon FIFOs.
[[0;32m  OK  [0m] Listening on Device-mapper event daemon FIFOs.
[   30.408840] Loading iSCSI transport class v2.0-870.
[   31.283456] systemd[1]: Starting Monitoring of LVM2 mirrors, snapshots etc. using dmeventd or progress polling...
         Starting Monitoring of LVM2 mirrors... [   31.400066] iscsi: registered transport (tcp)
dmeventd or progress polling...
[   31.446198] systemd[1]: Listening on Journal Socket (/dev/log).
[[0;32m  OK  [0m] Listening on Journal Socket (/dev/log).
[   31.491095] systemd[1]: Starting Journal Service...
         Starting Journal Service...
[   31.552714] systemd[1]: Mounting Debug File System...
         Mounting Debug File System...
[   31.559719] systemd[1]: Started Trigger resolvconf update for networkd DNS.
[[0;32m  OK  [0m] Started Trigger resolvconf update for networkd DNS.
[   31.619632] systemd[1]: Mounted POSIX Message Queue File System.
[[0;32m  OK  [0m] Mounted POSIX Message Queue File System.
[ 3169718] systemd[1]: Mounted Debug File System.
[   31.853543] iscsi: registered transport (iser)
[[0;32m  OK  [0m] Mounted Debug File System.
[   31.882448] systemd[1]: Mounted Huge Pages File System.
[[0;32m  OK  [0m] Mounted Huge Pages File System.
[   31.991158] systemd[1]: Started Remount Root and Kernel File Systems.
[[0;32m  OK  [0m] Started Remount Root and Kernel File Systems.
[   32.071338] systemd[1]: Started Uncomplicated firewall.
[[0;32m  OK  [0m] Started Uncomplicated firewall.
[   32.123886] systemd[1]: Started Create list of required static device nodes for the current kernel.
[[0;32m  OK  [0m] Started Create list of required sta...ce nodes for the current kernel.
[   32.183215] systemd[1]: Started Set console keymap.
[[0;32m  OK  [0m] Started Set console keymap.
[   32.257020] systemd[1]: Started Load Kernel Modules.
[[0;32m  OK  [0m] Started Load Kernel Modules.
[   32.290603] systemd[1]: Started Nameserver information manager.
[[0;32m  OK  [0m] Started Nameserver information manager.
[   32.351446] systemd[1]: Started Journal Service.
[[0;32m  OK  [0m] Started Journal Service.
[[0;32m  OK  [0m] Started LVM2 metadata daemon.
         Mounting FUSE Control File System...
         Starting Apply Kernel Variables...
         Starting Create Static Device Nodes in /dev...
         Starting Initial cloud-init job (pre-networking)...
         Starting udev Coldplug all Devices...
         Starting Load/Save Random Seed...
         Starting Flush Journal to Persistent Storage...
[[0;32m  OK  [0m] Mounted FUSE Control File System.
[[0;32m  OK  [0m] Started Apply Kernel Variables.
[[0;32m  OK  [0m] Started udev Coldplug all Devices.
[[0;32m  OK  [0m] Started Flush Journal to Persistent Storage.
[[0;32m  OK  [0m] Started Load/Save Random Seed.
[[0;32m  OK  [0m] Started Create Static Device Nodes in /dev.
         Starting udev Kernel Device Manager...
[[0;32m  OK  [0m] Started Monitoring of LVM2 mirrors,...ng dmeventd or progress polling.
[[0;32m  OK  [0m] Started udev Kernel Device Manager.
[[0;32m  OK  [0m] Started Dispatch Password Requests to Console Directory Watch.
[[0;32m  OK  [0m] Reached target Local File Systems (Pre).
[[0;32m  OK  [0m] Reached target Local File Systems.
         Starting Set console font and keymap...
         Starting LSB: AppArmor initialization...
         Starting Tell Plymouth To Write Out Runtime Data...
         Starting Create Volatile Files and Directories...
[[0;32m  OK  [0m] Started Tell Plymouth To Write Out Runtime Data.
[[0;32m  OK  [0m] Found device /dev/ttyS0.
[[0;32m  OK  [0m] Started Create Volatile Files and Directories.
         Starting Update UTMP about System Boot/Shutdown...
[[0;32m  OK  [0m] Reached target System Time Synchronized.
[[0;32m  OK  [0m] Started Update UTMP about System Boot/Shutdown.
[[0;32m  OK  [0m] Found device 82540EM Gigabit Ethern...r (PRO/1000 MT Desktop Adapter).
[[0;32m  OK  [0m] Found device 82540EM Gigabit Ethern...r (PRO/1000 MT Desktop Adapter).
[[0;32m  OK  [0m] Started Set console font and keymap.
[[0;32m  OK  [0m] Listening on Load/Save RF Kill Switch Status /dev/rfkill Watch.
[[0;32m  OK  [0m] Created slice system-getty.slice.
[[0;32m  OK  [0m] Started LSB: AppArmor initialization.
[   31.711138] cloud-init[442]: Cloud-init v. 17.1 running 'init-local' at Sat, 06 Jan 2018 19:18:03 +0000. Up 30.83 seconds.
[[0;32m  OK  [0m] Started Initial cloud-init job (pre-networking).
[[0;32m  OK  [0m] Reached target Network (Pre).
[[0;32m  OK  [0m] Started ifup for enp0s8.
[[0;32m  OK  [0m] Started ifup for enp0s3.
         Starting Raise network interfaces...
[[0;32m  OK  [0m] Started Raise network interfaces.
[[0;32m  OK  [0m] Reached target Network.
         Starting Initial cloud-init job (metadata service crawler)...
[   33.651481] cloud-init[1061]: Cloud-init v. 17.1 running 'init' at Sat, 06 Jan 2018 19:18:05 +0000. Up 32.53 seconds.
[   33.681910] cloud-init[1061]: ci-info: ++++++++++++++++++++++++++++++++++++++Net device info++++++++++++++++++++++++++++++++++++++
[   33.752517] cloud-init[1061]: ci-info: +--------+------+-----------------------------+---------------+-------+-------------------+
[   33.752754] cloud-init[1061]: ci-info: | Device |  Up  |           Address           |      Mask     | Scope |     Hw-Address    |
[[0;32m  OK  [0m] Started Initial cloud-init job (metadata service crawler).
[   33.752912] cloud-init[1061]: ci-info: +--------+------+-----------------------------+---------------+-------+-------------------+
[   33.792675] cloud-init[1061]: ci-info: | enp0s3 | True |          10.0.2.15          | 255.255.255.0 |   .   | 02:06:a9:f4:72:f7 |
[   33.793784] cloud-init[1061]: ci-info: | enp0s3 | True |  fe80::6:a9ff:fef4:72f7/64  |       .       |  link | 02:06:a9:f4:72:f7 |
[   33.794410] cloud-init[1061]: ci-info: | enp0s8 | True |         192.168.10.6        | 255.255.255.0 |   .   | 08:00:27:6c:48:32 |
[   33.794906] cloud-init[1061]: ci-info: | enp0s8 | True | fe80::a00:27ff:fe6c:4832/64 |       .       |  link | 08:00:27:6c:48:32 |
[   33.795498] cloud-init[1061]: ci-info: |   lo   | True |          127.0.0.1          |   255.0.0.0   |   .   |         .         |
[   33.796150] cloud-init[1061]: ci-info: |   lo   | True |           ::1/128           |       .       |  host |         .         |
[   33.797845] cloud-init[1061]: ci-info: +--------+------+-----------------------------+---------------+-------+-------------------+
[   33.799393] cloud-init[1061]: ci-info: ++++++++++++++++++++++++++++Route IPv4 info++++++++++++++++++++++++++++
[   33.800589] cloud-init[1061]: ci-info: +-------+--------------+----------+---------------+-----------+-------+
[   33.801931] cloud-init[1061]: ci-info: | Route | Destination  | Gateway  |    Genmask    | Interface | Flags |
[   33.802052] cloud-init[1061]: ci-info: +-------+--------------+----------+---------------+-----------+-------+
[[0;32m  OK  [0m] Reached target Network is Online.
[   33.802098] cloud-init[1061]: ci-info: |   0   |   0.0.0.0    | 10.0.2.2 |    0.0.0.0    |   enp0s3  |   UG  |
[   33.968270] cloud-init[1061]: ci-info: |   1   |   10.0.2.0   | 0.0.0.0  | 255.255.255.0 |   enp0s3  |   U   |
[   33.969807] cloud-init[1061]: ci-info: |   2   | 192.168.10.0 | 0.0.0.0  | 255.255.255.0 |   enp0s8  |   U   |
[   33.971307] cloud-init[1061]: ci-info: +-------+--------------+----------+---------------+-----------+-------+
         Starting iSCSI initiator daemon (iscsid)...
[[0;32m  OK  [0m] Reached target Cloud-config availability.
[[0;32m  OK  [0m] Reached target System Initialization.
[[0;32m  OK  [0m] Started ACPI Events Check.
[[0;32m  OK  [0m] Reached target Paths.
[[0;32m  OK  [0m] Listening on D-Bus System Message Bus Socket.
[[0;32m  OK  [0m] Started Daily apt download activities.
         Starting LXD - unix socket.
[[0;32m  OK  [0m] Started Daily Cleanup of Temporary Directories.
[[0;32m  OK  [0m] Listening on ACPID Listen Socket.
[[0;32m  OK  [0m] Started Daily apt upgrade and clean activities.
         Starting Socket activation for snappy daemon.
[[0;32m  OK  [0m] Listening on UUID daemon activation socket.
[[0;32m  OK  [0m] Started Timer to automatically refresh installed snaps.
[[0;32m  OK  [0m] Reached target Timers.
[[0;32m  OK  [0m] Listening on LXD - unix socket.
[[0;32m  OK  [0m] Listening on Socket activation for snappy daemon.
[[0;32m  OK  [0m] Started iSCSI initiator daemon (iscsid).
         Starting Login to default iSCSI targets...
[[0;32m  OK  [0m] Reached target Sockets.
[[0;32m  OK  [0m] Reached target Basic System.
         Starting LSB: Record successful boot for GRUB...
         Starting OpenBSD Secure Shell server...
[[0;32m  OK  [0m] Started Regular background program processing daemon.
[[0;32m  OK  [0m] Started Deferred execution scheduler.
         Starting LSB: MD monitoring daemon...
[[0;32m  OK  [0m] Started ACPI event daemon.
         Starting Snappy daemon...
         Starting System Logging Service...
         Starting Accounts Service...
         Starting LXD - container startup/shutdown...
         Starting Login Service...
[[0;32m  OK  [0m] Started FUSE filesystem for LXC.
         Starting Apply the settings specified in cloud-config...
[[0;32m  OK  [0m] Started Unattended Upgrades Shutdown.
         Starting /etc/rc.local Compatibility...
[[0;32m  OK  [0m] Started D-Bus System Message Bus.
[   36.362165] cloud-init[1151]: Cloud-init v. 17.1 running 'modules:config' at Sat, 06 Jan 2018 19:18:07 +0000. Up 35.33 seconds.
[[0;32m  OK  [0m] Started System Logging Service.
[[0;32m  OK  [0m] Started OpenBSD Secure Shell server.
[[0;32m  OK  [0m] Started Apply the settings specified in cloud-config.
[[0;32m  OK  [0m] Started /etc/rc.local Compatibility.
[[0;32m  OK  [0m] Started Login Service.
[[0;32m  OK  [0m] Started LSB: Record successful boot for GRUB.
         Starting Authenticate and Authorize Users to Run Privileged Tasks...
[[0;32m  OK  [0m] Started LSB: MD monitoring daemon.
[[0;32m  OK  [0m] Started Login to default iSCSI targets.
[[0;32m  OK  [0m] Reached target Remote File Systems (Pre).
[[0;32m  OK  [0m] Reached target Remote File Systems.
         Starting LSB: automatic crash report generation...
         Starting LSB: VirtualBox Linux Additions...
         Starting LSB: daemon to balance interrupts for SMP systems...
         Starting Permit User Sessions...
         Starting LSB: Set the CPU Frequency Scaling governor to "ondemand"...
[[0;32m  OK  [0m] Started Authenticate and Authorize Users to Run Privileged Tasks.
[[0;32m  OK  [0m] Started Accounts Service.
[[0;32m  OK  [0m] Started Permit User Sessions.
         Starting Terminate Plymouth Boot Screen...
         Starting Hold until boot process finishes up...
[[0;32m  OK  [0m] Started LSB: Set the CPU Frequency Scaling governor to "ondemand".
[[0;32m  OK  [0m] Started Terminate Plymouth Boot Screen.
[[0;32m  OK  [0m] Started Hold until boot process finishes up.
[[0;32m  OK  [0m] Started LSB: automatic crash report generation.
[[0;32m  OK  [0m] Started LSB: daemon to balance interrupts for SMP systems.
[[0;32m  OK  [0m] Created slice User Slice of ubuntu.
         Starting User Manager for UID 1000...
[[0;32m  OK  [0m] Started Session 1 of user ubuntu.
[[0;32m  OK  [0m] Started Getty on tty1.
[[0;32m  OK  [0m] Started Serial Getty on ttyS0.
[[0;32m  OK  [0m] Reached target Login Prompts.
         Starting Set console scheme...
[[0;32m  OK  [0m] Started Set console scheme.
[[0;32m  OK  [0m] Started User Manager for UID 1000.
[[0;32m  OK  [0m] Started LSB: VirtualBox Linux Additions.
[[0;32m  OK  [0m] Started LXD - container startup/shutdown.
[[0;32m  OK  [0m] Started Snappy daemon.
[[0;32m  OK  [0m] Reached target Multi-User System.
[[0;32m  OK  [0m] Reached target Graphical Interface.
         Starting Update UTMP about System Runlevel Changes...
         Starting Execute cloud user/final scripts...
[[0;32m  OK  [0m] Started Update UTMP about System Runlevel Changes.
[   40.047450] cloud-init[1348]: Cloud-init v. 17.1 running 'modules:final' at Sat, 06 Jan 2018 19:18:12 +0000. Up 39.83 seconds.
[   40.096692] cloud-init[1348]: Cloud-init v. 17.1 finished at Sat, 06 Jan 2018 19:18:12 +0000. Datasource DataSourceNoCloud [seed=/dev/sdb][dsmode=net].  Up 40.02 seconds
[[0;32m  OK  [0m] Started Execute cloud user/final scripts.
[[0;32m  OK  [0m] Reached target Cloud-init target.

Ubuntu 16.04.3 LTS control ttyS0

control login: 